2026-04-22T12:00:30.425Z [ERROR] - [UploadCleanup] Fatal error: MongoServerSelectionError: getaddrinfo ENOTFOUND ac-mrx4wmu-shard-00-02.onss6mu.mongodb.net
    at Topology.selectServer (G:\Projects\SamSorokins\SamSorokins_api_node\node_modules\mongodb\src\sdam\topology.ts:628:30)
    at tryOperation (G:\Projects\SamSorokins\SamSorokins_api_node\node_modules\mongodb\src\operations\execute_operation.ts:201:16)
    at executeOperation (G:\Projects\SamSorokins\SamSorokins_api_node\node_modules\mongodb\src\operations\execute_operation.ts:115:12)
    at FindCursor._initialize (G:\Projects\SamSorokins\SamSorokins_api_node\node_modules\mongodb\src\cursor\find_cursor.ts:92:22)
    at FindCursor.cursorInit (G:\Projects\SamSorokins\SamSorokins_api_node\node_modules\mongodb\src\cursor\abstract_cursor.ts:944:21)
    at FindCursor.fetchBatch (G:\Projects\SamSorokins\SamSorokins_api_node\node_modules\mongodb\src\cursor\abstract_cursor.ts:982:7)
    at FindCursor.next (G:\Projects\SamSorokins\SamSorokins_api_node\node_modules\mongodb\src\cursor\abstract_cursor.ts:612:9)
    at FindCursor.[Symbol.asyncIterator] (G:\Projects\SamSorokins\SamSorokins_api_node\node_modules\mongodb\src\cursor\abstract_cursor.ts:506:26)
    at FindCursor.toArray (G:\Projects\SamSorokins\SamSorokins_api_node\node_modules\mongodb\src\cursor\abstract_cursor.ts:700:22)
    at model.Query._find (G:\Projects\SamSorokins\SamSorokins_api_node\node_modules\mongoose\lib\query.js:2381:14)
    at model.Query.exec (G:\Projects\SamSorokins\SamSorokins_api_node\node_modules\mongoose\lib\query.js:4548:63) {
  errorLabelSet: Set(0) {},
  reason: TopologyDescription {
    type: 'ReplicaSetNoPrimary',
    servers: Map(3) {
      'ac-mrx4wmu-shard-00-02.onss6mu.mongodb.net:27017' => [ServerDescription],
      'ac-mrx4wmu-shard-00-00.onss6mu.mongodb.net:27017' => [ServerDescription],
      'ac-mrx4wmu-shard-00-01.onss6mu.mongodb.net:27017' => [ServerDescription]
    },
    stale: false,
    compatible: true,
    heartbeatFrequencyMS: 10000,
    localThresholdMS: 15,
    setName: 'atlas-fuui1b-shard-0',
    maxElectionId: new ObjectId('7fffffff00000000000001e4'),
    maxSetVersion: 238,
    commonWireVersion: 0,
    logicalSessionTimeoutMinutes: null
  },
  code: undefined,
  [cause]: MongoNetworkError: getaddrinfo ENOTFOUND ac-mrx4wmu-shard-00-02.onss6mu.mongodb.net
      at TLSSocket.<anonymous> (G:\Projects\SamSorokins\SamSorokins_api_node\node_modules\mongodb\src\cmap\connect.ts:394:16)
      at Object.onceWrapper (node:events:639:26)
      at TLSSocket.emit (node:events:524:28)
      at TLSSocket.emit (node:domain:489:12)
      at emitErrorNT (node:internal/streams/destroy:169:8)
      at emitErrorCloseNT (node:internal/streams/destroy:128:3)
      at processTicksAndRejections (node:internal/process/task_queues:82:21) {
    errorLabelSet: Set(1) { 'ResetPool' },
    beforeHandshake: false,
    [cause]: Error: getaddrinfo ENOTFOUND ac-mrx4wmu-shard-00-02.onss6mu.mongodb.net
        at GetAddrInfoReqWrap.onlookupall [as oncomplete] (node:dns:120:26) {
      errno: -3008,
      code: 'ENOTFOUND',
      syscall: 'getaddrinfo',
      hostname: 'ac-mrx4wmu-shard-00-02.onss6mu.mongodb.net'
    }
  }
}
2026-04-22T12:00:30.525Z [ERROR] - [UploadReminder] Fatal error in reminder cron job: MongoServerSelectionError: getaddrinfo ENOTFOUND ac-mrx4wmu-shard-00-02.onss6mu.mongodb.net
    at Topology.selectServer (G:\Projects\SamSorokins\SamSorokins_api_node\node_modules\mongodb\src\sdam\topology.ts:628:30)
    at tryOperation (G:\Projects\SamSorokins\SamSorokins_api_node\node_modules\mongodb\src\operations\execute_operation.ts:201:16)
    at executeOperation (G:\Projects\SamSorokins\SamSorokins_api_node\node_modules\mongodb\src\operations\execute_operation.ts:115:12)
    at FindCursor._initialize (G:\Projects\SamSorokins\SamSorokins_api_node\node_modules\mongodb\src\cursor\find_cursor.ts:92:22)
    at FindCursor.cursorInit (G:\Projects\SamSorokins\SamSorokins_api_node\node_modules\mongodb\src\cursor\abstract_cursor.ts:944:21)
    at FindCursor.fetchBatch (G:\Projects\SamSorokins\SamSorokins_api_node\node_modules\mongodb\src\cursor\abstract_cursor.ts:982:7)
    at FindCursor.next (G:\Projects\SamSorokins\SamSorokins_api_node\node_modules\mongodb\src\cursor\abstract_cursor.ts:612:9)
    at FindCursor.[Symbol.asyncIterator] (G:\Projects\SamSorokins\SamSorokins_api_node\node_modules\mongodb\src\cursor\abstract_cursor.ts:506:26)
    at FindCursor.toArray (G:\Projects\SamSorokins\SamSorokins_api_node\node_modules\mongodb\src\cursor\abstract_cursor.ts:700:22)
    at model.Query._find (G:\Projects\SamSorokins\SamSorokins_api_node\node_modules\mongoose\lib\query.js:2381:14)
    at model.Query.exec (G:\Projects\SamSorokins\SamSorokins_api_node\node_modules\mongoose\lib\query.js:4548:63) {
  errorLabelSet: Set(0) {},
  reason: TopologyDescription {
    type: 'ReplicaSetNoPrimary',
    servers: Map(3) {
      'ac-mrx4wmu-shard-00-02.onss6mu.mongodb.net:27017' => [ServerDescription],
      'ac-mrx4wmu-shard-00-00.onss6mu.mongodb.net:27017' => [ServerDescription],
      'ac-mrx4wmu-shard-00-01.onss6mu.mongodb.net:27017' => [ServerDescription]
    },
    stale: false,
    compatible: true,
    heartbeatFrequencyMS: 10000,
    localThresholdMS: 15,
    setName: 'atlas-fuui1b-shard-0',
    maxElectionId: new ObjectId('7fffffff00000000000001e4'),
    maxSetVersion: 238,
    commonWireVersion: 0,
    logicalSessionTimeoutMinutes: null
  },
  code: undefined,
  [cause]: MongoNetworkError: getaddrinfo ENOTFOUND ac-mrx4wmu-shard-00-02.onss6mu.mongodb.net
      at TLSSocket.<anonymous> (G:\Projects\SamSorokins\SamSorokins_api_node\node_modules\mongodb\src\cmap\connect.ts:394:16)
      at Object.onceWrapper (node:events:639:26)
      at TLSSocket.emit (node:events:524:28)
      at TLSSocket.emit (node:domain:489:12)
      at emitErrorNT (node:internal/streams/destroy:169:8)
      at emitErrorCloseNT (node:internal/streams/destroy:128:3)
      at processTicksAndRejections (node:internal/process/task_queues:82:21) {
    errorLabelSet: Set(1) { 'ResetPool' },
    beforeHandshake: false,
    [cause]: Error: getaddrinfo ENOTFOUND ac-mrx4wmu-shard-00-02.onss6mu.mongodb.net
        at GetAddrInfoReqWrap.onlookupall [as oncomplete] (node:dns:120:26) {
      errno: -3008,
      code: 'ENOTFOUND',
      syscall: 'getaddrinfo',
      hostname: 'ac-mrx4wmu-shard-00-02.onss6mu.mongodb.net'
    }
  }
}
