2026-06-05T12:48:40.586Z - {"timestamp":"2026-06-05T12:48:40.586Z","type":"WEBHOOK_SYSTEM_FIELD_FAILURE","email":"turnovers@premiumpd.com","formId":"260962339593973","submissionID":"6564224747323399730","error":"Request failed with status code 500"}
2026-06-05T12:48:41.729Z - {"timestamp":"2026-06-05T12:48:41.729Z","type":"WEBHOOK_SYSTEM_FIELD_FAILURE","email":"turnovers@premiumpd.com","formId":"260962339593973","submissionID":"6564224747323399730","error":"Request failed with status code 500"}
2026-06-05T12:48:43.245Z - {"timestamp":"2026-06-05T12:48:43.245Z","type":"WEBHOOK_SYSTEM_FIELD_FAILURE","email":"turnovers@premiumpd.com","formId":"260962339593973","submissionID":"6564224747323399730","error":"Request failed with status code 500"}
2026-06-05T12:56:12.344Z - {"timestamp":"2026-06-05T12:56:12.344Z","type":"DIRECT_SYSTEM_FIELD_UPDATE","email":"turnovers@premiumpd.com","systemFieldName":"MoveOutDate","systemFieldValue":"2026/6/2","tenantId":5999,"status":"error","error":"Request failed with status code 500","message":"Request failed with status code 500"}
2026-06-05T13:05:03.047Z - {"timestamp":"2026-06-05T13:05:03.047Z","type":"WEBHOOK_SYSTEM_FIELD_FAILURE","email":"turnovers@premiumpd.com","formId":"260962339593973","submissionID":"6564734677327959963","error":"Request failed with status code 500"}
2026-06-05T13:05:04.213Z - {"timestamp":"2026-06-05T13:05:04.213Z","type":"WEBHOOK_SYSTEM_FIELD_FAILURE","email":"turnovers@premiumpd.com","formId":"260962339593973","submissionID":"6564734677327959963","error":"Request failed with status code 500"}
2026-06-05T13:05:05.929Z - {"timestamp":"2026-06-05T13:05:05.929Z","type":"WEBHOOK_SYSTEM_FIELD_FAILURE","email":"turnovers@premiumpd.com","formId":"260962339593973","submissionID":"6564734677327959963","error":"Request failed with status code 500"}
2026-06-05T13:10:12.350Z - {"timestamp":"2026-06-05T13:10:12.350Z","type":"WEBHOOK_SYSTEM_FIELD_FAILURE","email":"turnovers@premiumpd.com","formId":"260962339593973","submissionID":"6564734677327959963","error":"Request failed with status code 500"}
2026-06-05T13:10:13.593Z - {"timestamp":"2026-06-05T13:10:13.593Z","type":"WEBHOOK_SYSTEM_FIELD_FAILURE","email":"turnovers@premiumpd.com","formId":"260962339593973","submissionID":"6564734677327959963","error":"Request failed with status code 500"}
2026-06-05T13:10:15.310Z - {"timestamp":"2026-06-05T13:10:15.310Z","type":"WEBHOOK_SYSTEM_FIELD_FAILURE","email":"turnovers@premiumpd.com","formId":"260962339593973","submissionID":"6564734677327959963","error":"Request failed with status code 500"}
2026-06-05T13:13:10.055Z - {"timestamp":"2026-06-05T13:13:10.055Z","type":"WEBHOOK_SYSTEM_FIELD_FAILURE","email":"turnovers@premiumpd.com","formId":"260962339593973","submissionID":"6564734677327959963","error":"Request failed with status code 500"}
2026-06-05T13:13:12.076Z - {"timestamp":"2026-06-05T13:13:12.076Z","type":"WEBHOOK_SYSTEM_FIELD_FAILURE","email":"turnovers@premiumpd.com","formId":"260962339593973","submissionID":"6564734677327959963","error":"Request failed with status code 500"}
2026-06-05T13:13:13.877Z - {"timestamp":"2026-06-05T13:13:13.877Z","type":"WEBHOOK_SYSTEM_FIELD_FAILURE","email":"turnovers@premiumpd.com","formId":"260962339593973","submissionID":"6564734677327959963","error":"Request failed with status code 500"}
2026-06-05T13:22:54.628Z - {"timestamp":"2026-06-05T13:22:54.628Z","type":"WEBHOOK_SYSTEM_FIELD_FAILURE","email":"turnovers@premiumpd.com","formId":"260962339593973","submissionID":"6564734677327959963","error":"Request failed with status code 500"}
2026-06-05T13:22:55.771Z - {"timestamp":"2026-06-05T13:22:55.771Z","type":"WEBHOOK_SYSTEM_FIELD_FAILURE","email":"turnovers@premiumpd.com","formId":"260962339593973","submissionID":"6564734677327959963","error":"Request failed with status code 500"}
2026-06-05T13:22:57.569Z - {"timestamp":"2026-06-05T13:22:57.569Z","type":"WEBHOOK_SYSTEM_FIELD_FAILURE","email":"turnovers@premiumpd.com","formId":"260962339593973","submissionID":"6564734677327959963","error":"Request failed with status code 500"}
2026-06-05T13:29:18.830Z - {"timestamp":"2026-06-05T13:29:18.830Z","type":"WEBHOOK_SYSTEM_FIELD_FAILURE","email":"turnovers@premiumpd.com","formId":"260962339593973","submissionID":"6564734677327959963","error":"No valid address object found in Jotform answers for: Forwarding Address"}
2026-06-05T13:29:20.940Z - {"timestamp":"2026-06-05T13:29:20.940Z","type":"WEBHOOK_SYSTEM_FIELD_FAILURE","email":"turnovers@premiumpd.com","formId":"260962339593973","submissionID":"6564734677327959963","error":"Request failed with status code 500"}
2026-06-05T13:29:22.110Z - {"timestamp":"2026-06-05T13:29:22.110Z","type":"WEBHOOK_SYSTEM_FIELD_FAILURE","email":"turnovers@premiumpd.com","formId":"260962339593973","submissionID":"6564734677327959963","error":"Request failed with status code 500"}
2026-06-05T13:29:24.006Z - {"timestamp":"2026-06-05T13:29:24.006Z","type":"WEBHOOK_SYSTEM_FIELD_FAILURE","email":"turnovers@premiumpd.com","formId":"260962339593973","submissionID":"6564734677327959963","error":"Request failed with status code 500"}
2026-06-05T13:44:06.722Z - {"timestamp":"2026-06-05T13:44:06.722Z","type":"WEBHOOK_SYSTEM_FIELD_FAILURE","email":"turnovers@premiumpd.com","formId":"260962339593973","submissionID":"6564734677327959963","error":"No valid address object found in Jotform answers for: Forwarding Address"}
2026-06-05T14:01:19.867Z - {"timestamp":"2026-06-05T14:01:19.867Z","type":"WEBHOOK_SYSTEM_FIELD_FAILURE","email":"turnovers@premiumpd.com","formId":"260962339593973","submissionID":"6564734677327959963","error":"No valid address object found in Jotform answers for: Forwarding Address"}
2026-06-09T00:02:19.476Z - {"timestamp":"2026-06-09T00:02:19.476Z","type":"DIRECT_SYSTEM_FIELD_UPDATE","email":"turnovers@premiumpd.com","systemFieldName":"MoveOutDate","systemFieldValue":"2028-05-05","tenantId":5999,"status":"success","message":"Updated system field \"MoveOutDate\""}
2026-06-09T00:02:44.519Z - {"timestamp":"2026-06-09T00:02:44.519Z","type":"DIRECT_SYSTEM_FIELD_UPDATE","email":"turnovers@premiumpd.com","systemFieldName":"EndDate","systemFieldValue":"2029-08-05","tenantId":5999,"status":"error","error":"Unsupported system field: EndDate","message":"Unsupported system field: EndDate"}
2026-06-09T00:03:22.684Z - {"timestamp":"2026-06-09T00:03:22.684Z","type":"DIRECT_SYSTEM_FIELD_UPDATE","email":"turnovers@premiumpd.com","systemFieldName":"PostingEndDate","systemFieldValue":"2029-08-05","tenantId":5999,"status":"error","error":"Unsupported system field: PostingEndDate","message":"Unsupported system field: PostingEndDate"}
2026-06-09T00:03:35.643Z - {"timestamp":"2026-06-09T00:03:35.643Z","type":"DIRECT_SYSTEM_FIELD_UPDATE","email":"turnovers@premiumpd.com","systemFieldName":"DepartureDate","systemFieldValue":"2029-08-05","tenantId":5999,"status":"error","error":"Unsupported system field: DepartureDate","message":"Unsupported system field: DepartureDate"}
2026-06-09T00:04:37.313Z - {"timestamp":"2026-06-09T00:04:37.313Z","type":"DIRECT_SYSTEM_FIELD_UPDATE_FAILURE","email":"turnovers@premiumpd.com","systemFieldName":"MoveOutDate","systemFieldValue":"2029-08-05","error":"getaddrinfo EAI_AGAIN premiumprop.api.rentmanager.com"}
2026-06-09T00:04:54.333Z - {"timestamp":"2026-06-09T00:04:54.333Z","type":"DIRECT_SYSTEM_FIELD_UPDATE","email":"turnovers@premiumpd.com","systemFieldName":"DepartureDate","systemFieldValue":"2022-08-05","tenantId":5999,"status":"error","error":"Unsupported system field: DepartureDate","message":"Unsupported system field: DepartureDate"}
2026-06-09T00:05:20.189Z - {"timestamp":"2026-06-09T00:05:20.189Z","type":"DIRECT_SYSTEM_FIELD_UPDATE","email":"turnovers@premiumpd.com","systemFieldName":"DepartureDate","systemFieldValue":"2022-8-5","tenantId":5999,"status":"error","error":"Unsupported system field: DepartureDate","message":"Unsupported system field: DepartureDate"}
2026-06-09T00:05:27.164Z - {"timestamp":"2026-06-09T00:05:27.164Z","type":"DIRECT_SYSTEM_FIELD_UPDATE","email":"turnovers@premiumpd.com","systemFieldName":"DepartureDate","systemFieldValue":"2025-8-5","tenantId":5999,"status":"error","error":"Unsupported system field: DepartureDate","message":"Unsupported system field: DepartureDate"}
2026-06-09T00:05:36.115Z - {"timestamp":"2026-06-09T00:05:36.115Z","type":"DIRECT_SYSTEM_FIELD_UPDATE","email":"turnovers@premiumpd.com","systemFieldName":"DepartureDate","systemFieldValue":"2025-08-05","tenantId":5999,"status":"error","error":"Unsupported system field: DepartureDate","message":"Unsupported system field: DepartureDate"}
2026-06-09T00:06:59.085Z - {"timestamp":"2026-06-09T00:06:59.085Z","type":"DIRECT_SYSTEM_FIELD_UPDATE","email":"turnovers@premiumpd.com","systemFieldName":"MoveOutDate","systemFieldValue":"2025-08-05","tenantId":5999,"status":"success","message":"Updated system field \"MoveOutDate\""}
2026-06-09T00:07:19.514Z - {"timestamp":"2026-06-09T00:07:19.514Z","type":"DIRECT_SYSTEM_FIELD_UPDATE","email":"turnovers@premiumpd.com","systemFieldName":"PostingEndDate","systemFieldValue":"2025-08-05","tenantId":5999,"status":"error","error":"Unsupported system field: PostingEndDate","message":"Unsupported system field: PostingEndDate"}
2026-06-09T00:07:37.616Z - {"timestamp":"2026-06-09T00:07:37.616Z","type":"DIRECT_SYSTEM_FIELD_UPDATE","email":"turnovers@premiumpd.com","systemFieldName":"EndDate","systemFieldValue":"2026-08-05","tenantId":5999,"status":"error","error":"Unsupported system field: EndDate","message":"Unsupported system field: EndDate"}
